<?xml version="1.0" encoding="UTF-8"?>
<testng-results skipped="0" failed="1" total="8" passed="7">
  <reporter-output>
  </reporter-output>
  <suite name="Regression suite" duration-ms="54879" started-at="2021-03-22T20:02:29Z" finished-at="2021-03-22T20:03:24Z">
    <groups>
    </groups>
    <test name="Default test" duration-ms="54879" started-at="2021-03-22T20:02:29Z" finished-at="2021-03-22T20:03:24Z">
      <class name="com.siliconelabs.qa.tests.HomePageTest">
        <test-method status="PASS" signature="setup()[pri:0, instance:com.siliconelabs.qa.tests.HomePageTest@1d251891]" name="setup" is-config="true" duration-ms="6660" started-at="2021-03-22T21:03:16Z" finished-at="2021-03-22T21:03:22Z">
          <reporter-output>
          </reporter-output>
        </test-method> <!-- setup -->
        <test-method status="PASS" signature="quickLaunchElementsTest()[pri:0, instance:com.siliconelabs.qa.tests.HomePageTest@1d251891]" name="quickLaunchElementsTest" duration-ms="117" started-at="2021-03-22T21:03:22Z" finished-at="2021-03-22T21:03:22Z">
          <reporter-output>
          </reporter-output>
        </test-method> <!-- quickLaunchElementsTest -->
        <test-method status="PASS" signature="tearDown()[pri:0, instance:com.siliconelabs.qa.tests.HomePageTest@1d251891]" name="tearDown" is-config="true" duration-ms="1214" started-at="2021-03-22T21:03:22Z" finished-at="2021-03-22T21:03:24Z">
          <reporter-output>
          </reporter-output>
        </test-method> <!-- tearDown -->
      </class> <!-- com.siliconelabs.qa.tests.HomePageTest -->
      <class name="com.siliconelabs.qa.tests.LoginPageTest">
        <test-method status="PASS" signature="setUp()[pri:0, instance:com.siliconelabs.qa.tests.LoginPageTest@27f674d]" name="setUp" is-config="true" duration-ms="5255" started-at="2021-03-22T21:02:29Z" finished-at="2021-03-22T21:02:34Z">
          <reporter-output>
          </reporter-output>
        </test-method> <!-- setUp -->
        <test-method status="FAIL" signature="loginPageTitleTest()[pri:1, instance:com.siliconelabs.qa.tests.LoginPageTest@27f674d]" name="loginPageTitleTest" duration-ms="26" started-at="2021-03-22T21:02:34Z" finished-at="2021-03-22T21:02:34Z">
          <exception class="java.lang.AssertionError">
            <message>
              <![CDATA[expected [OrangeHR] but found [OrangeHRM]]]>
            </message>
            <full-stacktrace>
              <![CDATA[java.lang.AssertionError: expected [OrangeHR] but found [OrangeHRM]
	at org.testng.Assert.fail(Assert.java:94)
	at org.testng.Assert.failNotEquals(Assert.java:513)
	at org.testng.Assert.assertEqualsImpl(Assert.java:135)
	at org.testng.Assert.assertEquals(Assert.java:116)
	at org.testng.Assert.assertEquals(Assert.java:190)
	at org.testng.Assert.assertEquals(Assert.java:200)
	at com.siliconelabs.qa.tests.LoginPageTest.loginPageTitleTest(LoginPageTest.java:31)
	at sun.reflect.NativeMethodAccessorImpl.invoke0(Native Method)
	at sun.reflect.NativeMethodAccessorImpl.invoke(Unknown Source)
	at sun.reflect.DelegatingMethodAccessorImpl.invoke(Unknown Source)
	at java.lang.reflect.Method.invoke(Unknown Source)
	at org.testng.internal.MethodInvocationHelper.invokeMethod(MethodInvocationHelper.java:86)
	at org.testng.internal.Invoker.invokeMethod(Invoker.java:645)
	at org.testng.internal.Invoker.invokeTestMethod(Invoker.java:822)
	at org.testng.internal.Invoker.invokeTestMethods(Invoker.java:1130)
	at org.testng.internal.TestMethodWorker.invokeTestMethods(TestMethodWorker.java:129)
	at org.testng.internal.TestMethodWorker.run(TestMethodWorker.java:112)
	at org.testng.TestRunner.privateRun(TestRunner.java:782)
	at org.testng.TestRunner.run(TestRunner.java:632)
	at org.testng.SuiteRunner.runTest(SuiteRunner.java:366)
	at org.testng.SuiteRunner.runSequentially(SuiteRunner.java:361)
	at org.testng.SuiteRunner.privateRun(SuiteRunner.java:319)
	at org.testng.SuiteRunner.run(SuiteRunner.java:268)
	at org.testng.SuiteRunnerWorker.runSuite(SuiteRunnerWorker.java:52)
	at org.testng.SuiteRunnerWorker.run(SuiteRunnerWorker.java:86)
	at org.testng.TestNG.runSuitesSequentially(TestNG.java:1244)
	at org.testng.TestNG.runSuitesLocally(TestNG.java:1169)
	at org.testng.TestNG.run(TestNG.java:1064)
	at org.testng.remote.RemoteTestNG.run(RemoteTestNG.java:113)
	at org.testng.remote.RemoteTestNG.initAndRun(RemoteTestNG.java:206)
	at org.testng.remote.RemoteTestNG.main(RemoteTestNG.java:177)
]]>
            </full-stacktrace>
          </exception> <!-- java.lang.AssertionError -->
          <reporter-output>
          </reporter-output>
        </test-method> <!-- loginPageTitleTest -->
        <test-method status="PASS" signature="tearDown()[pri:0, instance:com.siliconelabs.qa.tests.LoginPageTest@27f674d]" name="tearDown" is-config="true" duration-ms="798" started-at="2021-03-22T21:02:35Z" finished-at="2021-03-22T21:02:36Z">
          <reporter-output>
          </reporter-output>
        </test-method> <!-- tearDown -->
        <test-method status="PASS" signature="setUp()[pri:0, instance:com.siliconelabs.qa.tests.LoginPageTest@27f674d]" name="setUp" is-config="true" duration-ms="4023" started-at="2021-03-22T21:02:36Z" finished-at="2021-03-22T21:02:40Z">
          <reporter-output>
          </reporter-output>
        </test-method> <!-- setUp -->
        <test-method status="PASS" signature="LoginTest()[pri:2, instance:com.siliconelabs.qa.tests.LoginPageTest@27f674d]" name="LoginTest" duration-ms="2721" started-at="2021-03-22T21:02:40Z" finished-at="2021-03-22T21:02:43Z">
          <reporter-output>
          </reporter-output>
        </test-method> <!-- LoginTest -->
        <test-method status="PASS" signature="tearDown()[pri:0, instance:com.siliconelabs.qa.tests.LoginPageTest@27f674d]" name="tearDown" is-config="true" duration-ms="779" started-at="2021-03-22T21:02:43Z" finished-at="2021-03-22T21:02:44Z">
          <reporter-output>
          </reporter-output>
        </test-method> <!-- tearDown -->
        <test-method status="PASS" signature="setUp()[pri:0, instance:com.siliconelabs.qa.tests.LoginPageTest@27f674d]" name="setUp" is-config="true" duration-ms="4019" started-at="2021-03-22T21:02:44Z" finished-at="2021-03-22T21:02:48Z">
          <reporter-output>
          </reporter-output>
        </test-method> <!-- setUp -->
        <test-method status="PASS" signature="invalidloginTest(java.lang.String, java.lang.String)[pri:3, instance:com.siliconelabs.qa.tests.LoginPageTest@27f674d]" name="invalidloginTest" duration-ms="954" started-at="2021-03-22T21:02:48Z" data-provider="invalidLoginData" finished-at="2021-03-22T21:02:49Z">
          <params>
            <param index="0">
              <value>
                <![CDATA[Fatih]]>
              </value>
            </param>
            <param index="1">
              <value>
                <![CDATA[ ]]>
              </value>
            </param>
          </params>
          <reporter-output>
          </reporter-output>
        </test-method> <!-- invalidloginTest -->
        <test-method status="PASS" signature="tearDown()[pri:0, instance:com.siliconelabs.qa.tests.LoginPageTest@27f674d]" name="tearDown" is-config="true" duration-ms="788" started-at="2021-03-22T21:02:49Z" finished-at="2021-03-22T21:02:49Z">
          <reporter-output>
          </reporter-output>
        </test-method> <!-- tearDown -->
        <test-method status="PASS" signature="setUp()[pri:0, instance:com.siliconelabs.qa.tests.LoginPageTest@27f674d]" name="setUp" is-config="true" duration-ms="4057" started-at="2021-03-22T21:02:49Z" finished-at="2021-03-22T21:02:53Z">
          <reporter-output>
          </reporter-output>
        </test-method> <!-- setUp -->
        <test-method status="PASS" signature="invalidloginTest(java.lang.String, java.lang.String)[pri:3, instance:com.siliconelabs.qa.tests.LoginPageTest@27f674d]" name="invalidloginTest" duration-ms="958" started-at="2021-03-22T21:02:53Z" data-provider="invalidLoginData" finished-at="2021-03-22T21:02:54Z">
          <params>
            <param index="0">
              <value>
                <![CDATA[ ]]>
              </value>
            </param>
            <param index="1">
              <value>
                <![CDATA[test123]]>
              </value>
            </param>
          </params>
          <reporter-output>
          </reporter-output>
        </test-method> <!-- invalidloginTest -->
        <test-method status="PASS" signature="tearDown()[pri:0, instance:com.siliconelabs.qa.tests.LoginPageTest@27f674d]" name="tearDown" is-config="true" duration-ms="750" started-at="2021-03-22T21:02:54Z" finished-at="2021-03-22T21:02:55Z">
          <reporter-output>
          </reporter-output>
        </test-method> <!-- tearDown -->
        <test-method status="PASS" signature="setUp()[pri:0, instance:com.siliconelabs.qa.tests.LoginPageTest@27f674d]" name="setUp" is-config="true" duration-ms="4214" started-at="2021-03-22T21:02:55Z" finished-at="2021-03-22T21:02:59Z">
          <reporter-output>
          </reporter-output>
        </test-method> <!-- setUp -->
        <test-method status="PASS" signature="invalidloginTest(java.lang.String, java.lang.String)[pri:3, instance:com.siliconelabs.qa.tests.LoginPageTest@27f674d]" name="invalidloginTest" duration-ms="981" started-at="2021-03-22T21:02:59Z" data-provider="invalidLoginData" finished-at="2021-03-22T21:03:00Z">
          <params>
            <param index="0">
              <value>
                <![CDATA[$#test]]>
              </value>
            </param>
            <param index="1">
              <value>
                <![CDATA[65758]]>
              </value>
            </param>
          </params>
          <reporter-output>
          </reporter-output>
        </test-method> <!-- invalidloginTest -->
        <test-method status="PASS" signature="tearDown()[pri:0, instance:com.siliconelabs.qa.tests.LoginPageTest@27f674d]" name="tearDown" is-config="true" duration-ms="1254" started-at="2021-03-22T21:03:00Z" finished-at="2021-03-22T21:03:02Z">
          <reporter-output>
          </reporter-output>
        </test-method> <!-- tearDown -->
        <test-method status="PASS" signature="setUp()[pri:0, instance:com.siliconelabs.qa.tests.LoginPageTest@27f674d]" name="setUp" is-config="true" duration-ms="6044" started-at="2021-03-22T21:03:02Z" finished-at="2021-03-22T21:03:08Z">
          <reporter-output>
          </reporter-output>
        </test-method> <!-- setUp -->
        <test-method status="PASS" signature="invalidloginTest(java.lang.String, java.lang.String)[pri:3, instance:com.siliconelabs.qa.tests.LoginPageTest@27f674d]" name="invalidloginTest" duration-ms="876" started-at="2021-03-22T21:03:08Z" data-provider="invalidLoginData" finished-at="2021-03-22T21:03:08Z">
          <params>
            <param index="0">
              <value>
                <![CDATA[121234]]>
              </value>
            </param>
            <param index="1">
              <value>
                <![CDATA[4&^32]]>
              </value>
            </param>
          </params>
          <reporter-output>
          </reporter-output>
        </test-method> <!-- invalidloginTest -->
        <test-method status="PASS" signature="tearDown()[pri:0, instance:com.siliconelabs.qa.tests.LoginPageTest@27f674d]" name="tearDown" is-config="true" duration-ms="807" started-at="2021-03-22T21:03:09Z" finished-at="2021-03-22T21:03:09Z">
          <reporter-output>
          </reporter-output>
        </test-method> <!-- tearDown -->
        <test-method status="PASS" signature="setUp()[pri:0, instance:com.siliconelabs.qa.tests.LoginPageTest@27f674d]" name="setUp" is-config="true" duration-ms="4075" started-at="2021-03-22T21:03:09Z" finished-at="2021-03-22T21:03:13Z">
          <reporter-output>
          </reporter-output>
        </test-method> <!-- setUp -->
        <test-method status="PASS" signature="invalidloginTest(java.lang.String, java.lang.String)[pri:3, instance:com.siliconelabs.qa.tests.LoginPageTest@27f674d]" name="invalidloginTest" duration-ms="1028" started-at="2021-03-22T21:03:13Z" data-provider="invalidLoginData" finished-at="2021-03-22T21:03:14Z">
          <params>
            <param index="0">
              <value>
                <![CDATA[ ]]>
              </value>
            </param>
            <param index="1">
              <value>
                <![CDATA[ ]]>
              </value>
            </param>
          </params>
          <reporter-output>
          </reporter-output>
        </test-method> <!-- invalidloginTest -->
        <test-method status="PASS" signature="tearDown()[pri:0, instance:com.siliconelabs.qa.tests.LoginPageTest@27f674d]" name="tearDown" is-config="true" duration-ms="1169" started-at="2021-03-22T21:03:14Z" finished-at="2021-03-22T21:03:16Z">
          <reporter-output>
          </reporter-output>
        </test-method> <!-- tearDown -->
      </class> <!-- com.siliconelabs.qa.tests.LoginPageTest -->
    </test> <!-- Default test -->
  </suite> <!-- Regression suite -->
</testng-results>
